<?xml version="1.0" encoding="UTF-8" ?>
<testsuite failures="0" time="1.373" errors="0" skipped="0" tests="12" name="org.tpl.integration.dao.fantasy.JDBCFantasyTeamDaoTest">
  <properties>
    <property name="java.runtime.name" value="Java(TM) SE Runtime Environment"/>
    <property name="sun.boot.library.path" value="/usr/local/jdk1.7.0_65/jre/lib/amd64"/>
    <property name="java.vm.version" value="24.65-b04"/>
    <property name="java.vm.vendor" value="Oracle Corporation"/>
    <property name="maven.multiModuleProjectDirectory" value="/home/jordyr/projects/tpliga"/>
    <property name="java.vendor.url" value="http://java.oracle.com/"/>
    <property name="path.separator" value=":"/>
    <property name="guice.disable.misplaced.annotation.check" value="true"/>
    <property name="java.vm.name" value="Java HotSpot(TM) 64-Bit Server VM"/>
    <property name="file.encoding.pkg" value="sun.io"/>
    <property name="user.country" value="US"/>
    <property name="sun.java.launcher" value="SUN_STANDARD"/>
    <property name="sun.os.patch.level" value="unknown"/>
    <property name="java.vm.specification.name" value="Java Virtual Machine Specification"/>
    <property name="user.dir" value="/home/jordyr/projects/tpliga"/>
    <property name="java.runtime.version" value="1.7.0_65-b17"/>
    <property name="java.awt.graphicsenv" value="sun.awt.X11GraphicsEnvironment"/>
    <property name="java.endorsed.dirs" value="/usr/local/jdk1.7.0_65/jre/lib/endorsed"/>
    <property name="os.arch" value="amd64"/>
    <property name="java.io.tmpdir" value="/tmp"/>
    <property name="line.separator" value="
"/>
    <property name="java.vm.specification.vendor" value="Oracle Corporation"/>
    <property name="os.name" value="Linux"/>
    <property name="classworlds.conf" value="/usr/local/maven/bin/m2.conf"/>
    <property name="sun.jnu.encoding" value="UTF-8"/>
    <property name="java.library.path" value="/usr/java/packages/lib/amd64:/usr/lib64:/lib64:/lib:/usr/lib"/>
    <property name="java.specification.name" value="Java Platform API Specification"/>
    <property name="java.class.version" value="51.0"/>
    <property name="sun.management.compiler" value="HotSpot 64-Bit Tiered Compilers"/>
    <property name="os.version" value="3.13.0-48-generic"/>
    <property name="user.home" value="/home/jordyr"/>
    <property name="user.timezone" value="Europe/Oslo"/>
    <property name="java.awt.printerjob" value="sun.print.PSPrinterJob"/>
    <property name="file.encoding" value="UTF-8"/>
    <property name="java.specification.version" value="1.7"/>
    <property name="user.name" value="jordyr"/>
    <property name="java.class.path" value="/usr/local/maven/boot/plexus-classworlds-2.5.2.jar"/>
    <property name="java.vm.specification.version" value="1.7"/>
    <property name="sun.arch.data.model" value="64"/>
    <property name="java.home" value="/usr/local/jdk1.7.0_65/jre"/>
    <property name="sun.java.command" value="org.codehaus.plexus.classworlds.launcher.Launcher clean install"/>
    <property name="java.specification.vendor" value="Oracle Corporation"/>
    <property name="user.language" value="en"/>
    <property name="awt.toolkit" value="sun.awt.X11.XToolkit"/>
    <property name="java.vm.info" value="mixed mode"/>
    <property name="java.version" value="1.7.0_65"/>
    <property name="java.ext.dirs" value="/usr/local/jdk1.7.0_65/jre/lib/ext:/usr/java/packages/lib/ext"/>
    <property name="securerandom.source" value="file:/dev/./urandom"/>
    <property name="sun.boot.class.path" value="/usr/local/jdk1.7.0_65/jre/lib/resources.jar:/usr/local/jdk1.7.0_65/jre/lib/rt.jar:/usr/local/jdk1.7.0_65/jre/lib/sunrsasign.jar:/usr/local/jdk1.7.0_65/jre/lib/jsse.jar:/usr/local/jdk1.7.0_65/jre/lib/jce.jar:/usr/local/jdk1.7.0_65/jre/lib/charsets.jar:/usr/local/jdk1.7.0_65/jre/lib/jfr.jar:/usr/local/jdk1.7.0_65/jre/classes"/>
    <property name="java.vendor" value="Oracle Corporation"/>
    <property name="maven.home" value="/usr/local/maven"/>
    <property name="file.separator" value="/"/>
    <property name="java.vendor.url.bug" value="http://bugreport.sun.com/bugreport/"/>
    <property name="sun.cpu.endian" value="little"/>
    <property name="sun.io.unicode.encoding" value="UnicodeLittle"/>
    <property name="sun.desktop" value="gnome"/>
    <property name="sun.cpu.isalist" value=""/>
  </properties>
  <testcase time="0.071" classname="org.tpl.integration.dao.fantasy.JDBCFantasyTeamDaoTest" name="testSimpleSaveFantasyTeam"/>
  <testcase time="0.068" classname="org.tpl.integration.dao.fantasy.JDBCFantasyTeamDaoTest" name="testSaveFantasyTeam"/>
  <testcase time="0.072" classname="org.tpl.integration.dao.fantasy.JDBCFantasyTeamDaoTest" name="testGetFantasyTeamById"/>
  <testcase time="0.065" classname="org.tpl.integration.dao.fantasy.JDBCFantasyTeamDaoTest" name="testSaveOrUpdateFantasyTeamRound"/>
  <testcase time="0.04" classname="org.tpl.integration.dao.fantasy.JDBCFantasyTeamDaoTest" name="testGetFantasyTeamRoundByIds"/>
  <testcase time="0.04" classname="org.tpl.integration.dao.fantasy.JDBCFantasyTeamDaoTest" name="testGetFantasyTeamRoundByTeamId"/>
  <testcase time="0.682" classname="org.tpl.integration.dao.fantasy.JDBCFantasyTeamDaoTest" name="testGetFantasyTeamRoundsByFantasyRoundId"/>
  <testcase time="0.058" classname="org.tpl.integration.dao.fantasy.JDBCFantasyTeamDaoTest" name="testGetOfficialFantasyTeamRounds"/>
  <testcase time="0.144" classname="org.tpl.integration.dao.fantasy.JDBCFantasyTeamDaoTest" name="testDeleteFantasyTeam"/>
  <testcase time="0.05" classname="org.tpl.integration.dao.fantasy.JDBCFantasyTeamDaoTest" name="testDeleteFantasyTeamRound"/>
  <testcase time="0.039" classname="org.tpl.integration.dao.fantasy.JDBCFantasyTeamDaoTest" name="testGetNumberOfOfficialTeams"/>
  <testcase time="0.044" classname="org.tpl.integration.dao.fantasy.JDBCFantasyTeamDaoTest" name="testGetNumberOfOfficialWhenRoundIsClosedTeams"/>
</testsuite>